# JRE version: OpenJDK Runtime Environment Corretto-16.0.2.7.1 (16.0.2+7) (build 16.0.2+7)
# Java VM: OpenJDK 64-Bit Server VM Corretto-16.0.2.7.1 (16.0.2+7, mixed mode, sharing, tiered, compressed oops, compressed class ptrs, g1 gc, windows-amd64)
GC Precious Log:
 CPUs: 12 total, 12 available
 Memory: 8051M
 Large Page Support: Disabled
 NUMA Support: Disabled
 Compressed Oops: Enabled (32-bit)
 Heap Region Size: 1M
 Heap Min Capacity: 8M
 Heap Initial Capacity: 126M
 Heap Max Capacity: 2G
 Pre-touch: Disabled
 Parallel Workers: 10
 Concurrent Workers: 3
 Concurrent Refinement Workers: 10
 Periodic GC: Disabled
Heap:
 garbage-first heap   total 247808K, used 143300K [0x0000000080000000, 0x0000000100000000)
  region size 1024K, 9 young (9216K), 1 survivors (1024K)
 Metaspace       used 127891K, committed 128768K, reserved 1163264K
  class space    used 16634K, committed 17088K, reserved 1048576K
GC Heap History (20 events):
Event: 3732.421 GC heap before
{Heap before GC invocations=65 (full 0):
 garbage-first heap   total 240640K, used 184861K [0x0000000080000000, 0x0000000100000000)
  region size 1024K, 52 young (53248K), 1 survivors (1024K)
 Metaspace       used 124415K, committed 125184K, reserved 1163264K
  class space    used 16165K, committed 16512K, reserved 1048576K
}
Event: 3732.437 GC heap after
{Heap after GC invocations=66 (full 0):
 garbage-first heap   total 240640K, used 134885K [0x0000000080000000, 0x0000000100000000)
  region size 1024K, 2 young (2048K), 2 survivors (2048K)
 Metaspace       used 124415K, committed 125184K, reserved 1163264K
  class space    used 16165K, committed 16512K, reserved 1048576K
}
Event: 3734.336 GC heap before
{Heap before GC invocations=67 (full 0):
 garbage-first heap   total 247808K, used 188133K [0x0000000080000000, 0x0000000100000000)
  region size 1024K, 55 young (56320K), 2 survivors (2048K)
 Metaspace       used 124714K, committed 125440K, reserved 1163264K
  class space    used 16161K, committed 16512K, reserved 1048576K
}
Event: 3734.346 GC heap after
{Heap after GC invocations=68 (full 0):
 garbage-first heap   total 247808K, used 134352K [0x0000000080000000, 0x0000000100000000)
  region size 1024K, 2 young (2048K), 2 survivors (2048K)
 Metaspace       used 124714K, committed 125440K, reserved 1163264K
  class space    used 16161K, committed 16512K, reserved 1048576K
}
Event: 3909.721 GC heap before
{Heap before GC invocations=68 (full 0):
 garbage-first heap   total 247808K, used 210128K [0x0000000080000000, 0x0000000100000000)
  region size 1024K, 63 young (64512K), 2 survivors (2048K)
 Metaspace       used 127547K, committed 128448K, reserved 1163264K
  class space    used 16608K, committed 17024K, reserved 1048576K
}
Event: 3909.727 GC heap after
{Heap after GC invocations=69 (full 0):
 garbage-first heap   total 247808K, used 136282K [0x0000000080000000, 0x0000000100000000)
  region size 1024K, 4 young (4096K), 4 survivors (4096K)
 Metaspace       used 127547K, committed 128448K, reserved 1163264K
  class space    used 16608K, committed 17024K, reserved 1048576K
}
Event: 4059.174 GC heap before
{Heap before GC invocations=69 (full 0):
 garbage-first heap   total 247808K, used 198746K [0x0000000080000000, 0x0000000100000000)
  region size 1024K, 66 young (67584K), 4 survivors (4096K)
 Metaspace       used 127852K, committed 128768K, reserved 1163264K
  class space    used 16632K, committed 17088K, reserved 1048576K
}
Event: 4064.755 GC heap after
{Heap after GC invocations=70 (full 0):
 garbage-first heap   total 247808K, used 135875K [0x0000000080000000, 0x0000000100000000)
  region size 1024K, 3 young (3072K), 3 survivors (3072K)
 Metaspace       used 127852K, committed 128768K, reserved 1163264K
  class space    used 16632K, committed 17088K, reserved 1048576K
}
Event: 4494.969 GC heap before
{Heap before GC invocations=70 (full 0):
 garbage-first heap   total 247808K, used 145091K [0x0000000080000000, 0x0000000100000000)
  region size 1024K, 12 young (12288K), 3 survivors (3072K)
 Metaspace       used 127852K, committed 128768K, reserved 1163264K
  class space    used 16632K, committed 17088K, reserved 1048576K
}
Event: 4495.605 GC heap after
{Heap after GC invocations=71 (full 0):
 garbage-first heap   total 247808K, used 135895K [0x0000000080000000, 0x0000000100000000)
  region size 1024K, 1 young (1024K), 1 survivors (1024K)
 Metaspace       used 127852K, committed 128768K, reserved 1163264K
  class space    used 16632K, committed 17088K, reserved 1048576K
}
Event: 5128.470 GC heap before
{Heap before GC invocations=71 (full 0):
 garbage-first heap   total 247808K, used 147159K [0x0000000080000000, 0x0000000100000000)
  region size 1024K, 12 young (12288K), 1 survivors (1024K)
 Metaspace       used 127865K, committed 128768K, reserved 1163264K
  class space    used 16634K, committed 17088K, reserved 1048576K
}
Event: 5128.674 GC heap after
{Heap after GC invocations=72 (full 0):
 garbage-first heap   total 247808K, used 135611K [0x0000000080000000, 0x0000000100000000)
  region size 1024K, 1 young (1024K), 1 survivors (1024K)
 Metaspace       used 127865K, committed 128768K, reserved 1163264K
  class space    used 16634K, committed 17088K, reserved 1048576K
}
Event: 5768.467 GC heap before
{Heap before GC invocations=72 (full 0):
 garbage-first heap   total 247808K, used 146875K [0x0000000080000000, 0x0000000100000000)
  region size 1024K, 12 young (12288K), 1 survivors (1024K)
 Metaspace       used 127867K, committed 128768K, reserved 1163264K
  class space    used 16634K, committed 17088K, reserved 1048576K
}
Event: 5768.611 GC heap after
{Heap after GC invocations=73 (full 0):
 garbage-first heap   total 247808K, used 135524K [0x0000000080000000, 0x0000000100000000)
  region size 1024K, 1 young (1024K), 1 survivors (1024K)
 Metaspace       used 127867K, committed 128768K, reserved 1163264K
  class space    used 16634K, committed 17088K, reserved 1048576K
}
Event: 6408.467 GC heap before
{Heap before GC invocations=73 (full 0):
 garbage-first heap   total 247808K, used 146788K [0x0000000080000000, 0x0000000100000000)
  region size 1024K, 12 young (12288K), 1 survivors (1024K)
 Metaspace       used 127868K, committed 128768K, reserved 1163264K
  class space    used 16634K, committed 17088K, reserved 1048576K
}
Event: 6408.509 GC heap after
{Heap after GC invocations=74 (full 0):
 garbage-first heap   total 247808K, used 135540K [0x0000000080000000, 0x0000000100000000)
  region size 1024K, 1 young (1024K), 1 survivors (1024K)
 Metaspace       used 127868K, committed 128768K, reserved 1163264K
  class space    used 16634K, committed 17088K, reserved 1048576K
}
Event: 7048.476 GC heap before
{Heap before GC invocations=74 (full 0):
 garbage-first heap   total 247808K, used 146804K [0x0000000080000000, 0x0000000100000000)
  region size 1024K, 12 young (12288K), 1 survivors (1024K)
 Metaspace       used 127869K, committed 128768K, reserved 1163264K
  class space    used 16634K, committed 17088K, reserved 1048576K
}
Event: 7048.677 GC heap after
{Heap after GC invocations=75 (full 0):
 garbage-first heap   total 247808K, used 135534K [0x0000000080000000, 0x0000000100000000)
  region size 1024K, 1 young (1024K), 1 survivors (1024K)
 Metaspace       used 127869K, committed 128768K, reserved 1163264K
  class space    used 16634K, committed 17088K, reserved 1048576K
}
Event: 7569.698 GC heap before
{Heap before GC invocations=75 (full 0):
 garbage-first heap   total 247808K, used 146798K [0x0000000080000000, 0x0000000100000000)
  region size 1024K, 12 young (12288K), 1 survivors (1024K)
 Metaspace       used 127889K, committed 128768K, reserved 1163264K
  class space    used 16634K, committed 17088K, reserved 1048576K
}
Event: 7571.210 GC heap after
{Heap after GC invocations=76 (full 0):
 garbage-first heap   total 247808K, used 136132K [0x0000000080000000, 0x0000000100000000)
  region size 1024K, 1 young (1024K), 1 survivors (1024K)
 Metaspace       used 127889K, committed 128768K, reserved 1163264K
  class space    used 16634K, committed 17088K, reserved 1048576K
}

